2023-06-24 00:12:38.826 [SpringContextShutdownHook] INFO  o.s.scheduling.concurrent.ThreadPoolTaskExecutor - Shutting down ExecutorService 'applicationTaskExecutor'
2023-06-24 00:12:38.845 [SpringContextShutdownHook] INFO  com.zaxxer.hikari.HikariDataSource - HikariPool-1 - Shutdown initiated...
2023-06-24 00:12:38.851 [SpringContextShutdownHook] INFO  com.zaxxer.hikari.HikariDataSource - HikariPool-1 - Shutdown completed.
2023-06-24 09:05:22.719 [restartedMain] INFO  com.fengzhu.yygh.ServiceHospApplication - Starting ServiceHospApplication on DESKTOP-FBCBR5P with PID 10792 (D:\IDEA-Project\OPEN-PROJECT\reserve-num-parent\service\service-hosp\target\classes started by 刘冠成 in D:\IDEA-Project\OPEN-PROJECT\reserve-num-parent)
2023-06-24 09:05:22.722 [restartedMain] INFO  com.fengzhu.yygh.ServiceHospApplication - The following profiles are active: dev
2023-06-24 09:05:22.774 [restartedMain] INFO  o.s.boot.devtools.restart.ChangeableUrls - The Class-Path manifest attribute in D:\apache-maven-3.3.9\maven_work\org\glassfish\jaxb\jaxb-runtime\2.3.2\jaxb-runtime-2.3.2.jar referenced one or more files that do not exist: file:/D:/apache-maven-3.3.9/maven_work/org/glassfish/jaxb/jaxb-runtime/2.3.2/jakarta.xml.bind-api-2.3.2.jar,file:/D:/apache-maven-3.3.9/maven_work/org/glassfish/jaxb/jaxb-runtime/2.3.2/txw2-2.3.2.jar,file:/D:/apache-maven-3.3.9/maven_work/org/glassfish/jaxb/jaxb-runtime/2.3.2/istack-commons-runtime-3.0.8.jar,file:/D:/apache-maven-3.3.9/maven_work/org/glassfish/jaxb/jaxb-runtime/2.3.2/stax-ex-1.8.1.jar,file:/D:/apache-maven-3.3.9/maven_work/org/glassfish/jaxb/jaxb-runtime/2.3.2/FastInfoset-1.2.16.jar,file:/D:/apache-maven-3.3.9/maven_work/org/glassfish/jaxb/jaxb-runtime/2.3.2/jakarta.activation-api-1.2.1.jar
2023-06-24 09:05:22.775 [restartedMain] INFO  o.s.b.d.env.DevToolsPropertyDefaultsPostProcessor - Devtools property defaults active! Set 'spring.devtools.add-properties' to 'false' to disable
2023-06-24 09:05:22.775 [restartedMain] INFO  o.s.b.d.env.DevToolsPropertyDefaultsPostProcessor - For additional web related logging consider setting the 'logging.level.web' property to 'DEBUG'
2023-06-24 09:05:23.836 [restartedMain] INFO  o.s.d.r.config.RepositoryConfigurationDelegate - Multiple Spring Data modules found, entering strict repository configuration mode!
2023-06-24 09:05:23.839 [restartedMain] INFO  o.s.d.r.config.RepositoryConfigurationDelegate - Bootstrapping Spring Data repositories in DEFAULT mode.
2023-06-24 09:05:23.876 [restartedMain] INFO  o.s.d.r.config.RepositoryConfigurationDelegate - Finished Spring Data repository scanning in 12ms. Found 0 repository interfaces.
2023-06-24 09:05:24.290 [restartedMain] INFO  o.s.c.s.PostProcessorRegistrationDelegate$BeanPostProcessorChecker - Bean 'org.springframework.transaction.annotation.ProxyTransactionManagementConfiguration' of type [org.springframework.transaction.annotation.ProxyTransactionManagementConfiguration] is not eligible for getting processed by all BeanPostProcessors (for example: not eligible for auto-proxying)
2023-06-24 09:05:24.695 [restartedMain] INFO  o.s.boot.web.embedded.tomcat.TomcatWebServer - Tomcat initialized with port(s): 8201 (http)
2023-06-24 09:05:24.744 [restartedMain] INFO  org.apache.coyote.http11.Http11NioProtocol - Initializing ProtocolHandler ["http-nio-8201"]
2023-06-24 09:05:24.745 [restartedMain] INFO  org.apache.catalina.core.StandardService - Starting service [Tomcat]
2023-06-24 09:05:24.745 [restartedMain] INFO  org.apache.catalina.core.StandardEngine - Starting Servlet engine: [Apache Tomcat/9.0.27]
2023-06-24 09:05:24.749 [restartedMain] INFO  org.apache.catalina.core.AprLifecycleListener - Loaded APR based Apache Tomcat Native library [1.2.33] using APR version [1.7.0].
2023-06-24 09:05:24.749 [restartedMain] INFO  org.apache.catalina.core.AprLifecycleListener - APR capabilities: IPv6 [true], sendfile [true], accept filters [false], random [true].
2023-06-24 09:05:24.749 [restartedMain] INFO  org.apache.catalina.core.AprLifecycleListener - APR/OpenSSL configuration: useAprConnector [false], useOpenSSL [true]
2023-06-24 09:05:24.766 [restartedMain] INFO  org.apache.catalina.core.AprLifecycleListener - OpenSSL successfully initialized [OpenSSL 1.1.1o  3 May 2022]
2023-06-24 09:05:24.875 [restartedMain] INFO  o.a.c.core.ContainerBase.[Tomcat].[localhost].[/] - Initializing Spring embedded WebApplicationContext
2023-06-24 09:05:24.875 [restartedMain] INFO  org.springframework.web.context.ContextLoader - Root WebApplicationContext: initialization completed in 2100 ms
2023-06-24 09:05:25.868 [restartedMain] INFO  s.d.s.w.PropertySourcedRequestMappingHandlerMapping - Mapped URL path [/v2/api-docs] onto method [springfox.documentation.swagger2.web.Swagger2Controller#getDocumentation(String, HttpServletRequest)]
2023-06-24 09:05:25.984 [restartedMain] INFO  o.s.scheduling.concurrent.ThreadPoolTaskExecutor - Initializing ExecutorService 'applicationTaskExecutor'
2023-06-24 09:05:26.028 [restartedMain] INFO  o.s.b.d.autoconfigure.OptionalLiveReloadServer - LiveReload server is running on port 35729
2023-06-24 09:05:26.489 [restartedMain] INFO  s.d.s.web.plugins.DocumentationPluginsBootstrapper - Context refreshed
2023-06-24 09:05:26.506 [restartedMain] INFO  s.d.s.web.plugins.DocumentationPluginsBootstrapper - Found 2 custom documentation plugin(s)
2023-06-24 09:05:26.536 [restartedMain] INFO  s.d.spring.web.scanners.ApiListingReferenceScanner - Scanning for api listing references
2023-06-24 09:05:26.713 [restartedMain] INFO  s.d.spring.web.scanners.ApiListingReferenceScanner - Scanning for api listing references
2023-06-24 09:05:26.725 [restartedMain] INFO  org.apache.coyote.http11.Http11NioProtocol - Starting ProtocolHandler ["http-nio-8201"]
2023-06-24 09:05:26.746 [restartedMain] INFO  o.s.boot.web.embedded.tomcat.TomcatWebServer - Tomcat started on port(s): 8201 (http) with context path ''
2023-06-24 09:05:26.749 [restartedMain] INFO  com.fengzhu.yygh.ServiceHospApplication - Started ServiceHospApplication in 4.742 seconds (JVM running for 6.511)
2023-06-24 09:06:19.449 [http-nio-8201-exec-1] INFO  o.a.c.core.ContainerBase.[Tomcat].[localhost].[/] - Initializing Spring DispatcherServlet 'dispatcherServlet'
2023-06-24 09:06:19.449 [http-nio-8201-exec-1] INFO  org.springframework.web.servlet.DispatcherServlet - Initializing Servlet 'dispatcherServlet'
2023-06-24 09:06:19.455 [http-nio-8201-exec-1] INFO  org.springframework.web.servlet.DispatcherServlet - Completed initialization in 6 ms
2023-06-24 09:06:19.607 [http-nio-8201-exec-1] INFO  com.zaxxer.hikari.HikariDataSource - HikariPool-1 - Starting...
2023-06-24 09:06:19.779 [http-nio-8201-exec-1] INFO  com.zaxxer.hikari.HikariDataSource - HikariPool-1 - Start completed.
2023-06-24 09:30:43.091 [http-nio-8201-exec-1] INFO  com.fengzhu.yygh.controller.HospitalSetController - ids = [3, 2]
2023-06-24 09:30:51.015 [http-nio-8201-exec-3] INFO  com.fengzhu.yygh.controller.HospitalSetController - ids = [4]
2023-06-24 09:36:26.069 [SpringContextShutdownHook] INFO  o.s.scheduling.concurrent.ThreadPoolTaskExecutor - Shutting down ExecutorService 'applicationTaskExecutor'
2023-06-24 09:36:26.074 [SpringContextShutdownHook] INFO  com.zaxxer.hikari.HikariDataSource - HikariPool-1 - Shutdown initiated...
2023-06-24 09:36:26.079 [SpringContextShutdownHook] INFO  com.zaxxer.hikari.HikariDataSource - HikariPool-1 - Shutdown completed.
2023-06-24 09:36:32.389 [restartedMain] INFO  com.fengzhu.yygh.ServiceHospApplication - Starting ServiceHospApplication on DESKTOP-FBCBR5P with PID 5980 (D:\IDEA-Project\OPEN-PROJECT\reserve-num-parent\service\service-hosp\target\classes started by 刘冠成 in D:\IDEA-Project\OPEN-PROJECT\reserve-num-parent)
2023-06-24 09:36:32.392 [restartedMain] INFO  com.fengzhu.yygh.ServiceHospApplication - The following profiles are active: dev
2023-06-24 09:36:32.440 [restartedMain] INFO  o.s.boot.devtools.restart.ChangeableUrls - The Class-Path manifest attribute in D:\apache-maven-3.3.9\maven_work\org\glassfish\jaxb\jaxb-runtime\2.3.2\jaxb-runtime-2.3.2.jar referenced one or more files that do not exist: file:/D:/apache-maven-3.3.9/maven_work/org/glassfish/jaxb/jaxb-runtime/2.3.2/jakarta.xml.bind-api-2.3.2.jar,file:/D:/apache-maven-3.3.9/maven_work/org/glassfish/jaxb/jaxb-runtime/2.3.2/txw2-2.3.2.jar,file:/D:/apache-maven-3.3.9/maven_work/org/glassfish/jaxb/jaxb-runtime/2.3.2/istack-commons-runtime-3.0.8.jar,file:/D:/apache-maven-3.3.9/maven_work/org/glassfish/jaxb/jaxb-runtime/2.3.2/stax-ex-1.8.1.jar,file:/D:/apache-maven-3.3.9/maven_work/org/glassfish/jaxb/jaxb-runtime/2.3.2/FastInfoset-1.2.16.jar,file:/D:/apache-maven-3.3.9/maven_work/org/glassfish/jaxb/jaxb-runtime/2.3.2/jakarta.activation-api-1.2.1.jar
2023-06-24 09:36:32.441 [restartedMain] INFO  o.s.b.d.env.DevToolsPropertyDefaultsPostProcessor - Devtools property defaults active! Set 'spring.devtools.add-properties' to 'false' to disable
2023-06-24 09:36:32.441 [restartedMain] INFO  o.s.b.d.env.DevToolsPropertyDefaultsPostProcessor - For additional web related logging consider setting the 'logging.level.web' property to 'DEBUG'
2023-06-24 09:36:33.432 [restartedMain] INFO  o.s.d.r.config.RepositoryConfigurationDelegate - Multiple Spring Data modules found, entering strict repository configuration mode!
2023-06-24 09:36:33.434 [restartedMain] INFO  o.s.d.r.config.RepositoryConfigurationDelegate - Bootstrapping Spring Data repositories in DEFAULT mode.
2023-06-24 09:36:33.469 [restartedMain] INFO  o.s.d.r.config.RepositoryConfigurationDelegate - Finished Spring Data repository scanning in 12ms. Found 0 repository interfaces.
2023-06-24 09:36:33.803 [restartedMain] INFO  o.s.c.s.PostProcessorRegistrationDelegate$BeanPostProcessorChecker - Bean 'org.springframework.transaction.annotation.ProxyTransactionManagementConfiguration' of type [org.springframework.transaction.annotation.ProxyTransactionManagementConfiguration] is not eligible for getting processed by all BeanPostProcessors (for example: not eligible for auto-proxying)
2023-06-24 09:36:34.131 [restartedMain] INFO  o.s.boot.web.embedded.tomcat.TomcatWebServer - Tomcat initialized with port(s): 8201 (http)
2023-06-24 09:36:34.176 [restartedMain] INFO  org.apache.coyote.http11.Http11NioProtocol - Initializing ProtocolHandler ["http-nio-8201"]
2023-06-24 09:36:34.177 [restartedMain] INFO  org.apache.catalina.core.StandardService - Starting service [Tomcat]
2023-06-24 09:36:34.177 [restartedMain] INFO  org.apache.catalina.core.StandardEngine - Starting Servlet engine: [Apache Tomcat/9.0.27]
2023-06-24 09:36:34.183 [restartedMain] INFO  org.apache.catalina.core.AprLifecycleListener - Loaded APR based Apache Tomcat Native library [1.2.33] using APR version [1.7.0].
2023-06-24 09:36:34.183 [restartedMain] INFO  org.apache.catalina.core.AprLifecycleListener - APR capabilities: IPv6 [true], sendfile [true], accept filters [false], random [true].
2023-06-24 09:36:34.183 [restartedMain] INFO  org.apache.catalina.core.AprLifecycleListener - APR/OpenSSL configuration: useAprConnector [false], useOpenSSL [true]
2023-06-24 09:36:34.187 [restartedMain] INFO  org.apache.catalina.core.AprLifecycleListener - OpenSSL successfully initialized [OpenSSL 1.1.1o  3 May 2022]
2023-06-24 09:36:34.296 [restartedMain] INFO  o.a.c.core.ContainerBase.[Tomcat].[localhost].[/] - Initializing Spring embedded WebApplicationContext
2023-06-24 09:36:34.296 [restartedMain] INFO  org.springframework.web.context.ContextLoader - Root WebApplicationContext: initialization completed in 1855 ms
2023-06-24 09:36:35.203 [restartedMain] INFO  s.d.s.w.PropertySourcedRequestMappingHandlerMapping - Mapped URL path [/v2/api-docs] onto method [springfox.documentation.swagger2.web.Swagger2Controller#getDocumentation(String, HttpServletRequest)]
2023-06-24 09:36:35.308 [restartedMain] INFO  o.s.scheduling.concurrent.ThreadPoolTaskExecutor - Initializing ExecutorService 'applicationTaskExecutor'
2023-06-24 09:36:35.352 [restartedMain] INFO  o.s.b.d.autoconfigure.OptionalLiveReloadServer - LiveReload server is running on port 35729
2023-06-24 09:36:35.798 [restartedMain] INFO  s.d.s.web.plugins.DocumentationPluginsBootstrapper - Context refreshed
2023-06-24 09:36:35.816 [restartedMain] INFO  s.d.s.web.plugins.DocumentationPluginsBootstrapper - Found 2 custom documentation plugin(s)
2023-06-24 09:36:35.848 [restartedMain] INFO  s.d.spring.web.scanners.ApiListingReferenceScanner - Scanning for api listing references
2023-06-24 09:36:36.021 [restartedMain] INFO  s.d.spring.web.scanners.ApiListingReferenceScanner - Scanning for api listing references
2023-06-24 09:36:36.033 [restartedMain] INFO  org.apache.coyote.http11.Http11NioProtocol - Starting ProtocolHandler ["http-nio-8201"]
2023-06-24 09:36:36.052 [restartedMain] INFO  o.s.boot.web.embedded.tomcat.TomcatWebServer - Tomcat started on port(s): 8201 (http) with context path ''
2023-06-24 09:36:36.055 [restartedMain] INFO  com.fengzhu.yygh.ServiceHospApplication - Started ServiceHospApplication in 4.354 seconds (JVM running for 5.332)
2023-06-24 10:12:12.558 [http-nio-8201-exec-1] INFO  o.a.c.core.ContainerBase.[Tomcat].[localhost].[/] - Initializing Spring DispatcherServlet 'dispatcherServlet'
2023-06-24 10:12:12.569 [http-nio-8201-exec-1] INFO  org.springframework.web.servlet.DispatcherServlet - Initializing Servlet 'dispatcherServlet'
2023-06-24 10:12:12.612 [http-nio-8201-exec-1] INFO  org.springframework.web.servlet.DispatcherServlet - Completed initialization in 41 ms
2023-06-24 10:12:12.864 [http-nio-8201-exec-1] INFO  com.zaxxer.hikari.HikariDataSource - HikariPool-1 - Starting...
2023-06-24 10:12:13.108 [http-nio-8201-exec-1] INFO  com.zaxxer.hikari.HikariDataSource - HikariPool-1 - Start completed.
2023-06-24 10:13:13.242 [SpringContextShutdownHook] INFO  o.s.scheduling.concurrent.ThreadPoolTaskExecutor - Shutting down ExecutorService 'applicationTaskExecutor'
2023-06-24 10:13:13.248 [SpringContextShutdownHook] INFO  com.zaxxer.hikari.HikariDataSource - HikariPool-1 - Shutdown initiated...
2023-06-24 10:13:13.252 [SpringContextShutdownHook] INFO  com.zaxxer.hikari.HikariDataSource - HikariPool-1 - Shutdown completed.
2023-06-24 10:13:24.907 [restartedMain] INFO  com.fengzhu.yygh.ServiceHospApplication - Starting ServiceHospApplication on DESKTOP-FBCBR5P with PID 23936 (D:\IDEA-Project\OPEN-PROJECT\reserve-num-parent\service\service-hosp\target\classes started by 刘冠成 in D:\IDEA-Project\OPEN-PROJECT\reserve-num-parent)
2023-06-24 10:13:24.910 [restartedMain] INFO  com.fengzhu.yygh.ServiceHospApplication - The following profiles are active: dev
2023-06-24 10:13:24.965 [restartedMain] INFO  o.s.boot.devtools.restart.ChangeableUrls - The Class-Path manifest attribute in D:\apache-maven-3.3.9\maven_work\org\glassfish\jaxb\jaxb-runtime\2.3.2\jaxb-runtime-2.3.2.jar referenced one or more files that do not exist: file:/D:/apache-maven-3.3.9/maven_work/org/glassfish/jaxb/jaxb-runtime/2.3.2/jakarta.xml.bind-api-2.3.2.jar,file:/D:/apache-maven-3.3.9/maven_work/org/glassfish/jaxb/jaxb-runtime/2.3.2/txw2-2.3.2.jar,file:/D:/apache-maven-3.3.9/maven_work/org/glassfish/jaxb/jaxb-runtime/2.3.2/istack-commons-runtime-3.0.8.jar,file:/D:/apache-maven-3.3.9/maven_work/org/glassfish/jaxb/jaxb-runtime/2.3.2/stax-ex-1.8.1.jar,file:/D:/apache-maven-3.3.9/maven_work/org/glassfish/jaxb/jaxb-runtime/2.3.2/FastInfoset-1.2.16.jar,file:/D:/apache-maven-3.3.9/maven_work/org/glassfish/jaxb/jaxb-runtime/2.3.2/jakarta.activation-api-1.2.1.jar
2023-06-24 10:13:24.966 [restartedMain] INFO  o.s.b.d.env.DevToolsPropertyDefaultsPostProcessor - Devtools property defaults active! Set 'spring.devtools.add-properties' to 'false' to disable
2023-06-24 10:13:24.966 [restartedMain] INFO  o.s.b.d.env.DevToolsPropertyDefaultsPostProcessor - For additional web related logging consider setting the 'logging.level.web' property to 'DEBUG'
2023-06-24 10:13:26.238 [restartedMain] INFO  o.s.d.r.config.RepositoryConfigurationDelegate - Multiple Spring Data modules found, entering strict repository configuration mode!
2023-06-24 10:13:26.240 [restartedMain] INFO  o.s.d.r.config.RepositoryConfigurationDelegate - Bootstrapping Spring Data repositories in DEFAULT mode.
2023-06-24 10:13:26.281 [restartedMain] INFO  o.s.d.r.config.RepositoryConfigurationDelegate - Finished Spring Data repository scanning in 12ms. Found 0 repository interfaces.
2023-06-24 10:13:26.642 [restartedMain] INFO  o.s.c.s.PostProcessorRegistrationDelegate$BeanPostProcessorChecker - Bean 'org.springframework.transaction.annotation.ProxyTransactionManagementConfiguration' of type [org.springframework.transaction.annotation.ProxyTransactionManagementConfiguration] is not eligible for getting processed by all BeanPostProcessors (for example: not eligible for auto-proxying)
2023-06-24 10:13:27.109 [restartedMain] INFO  o.s.boot.web.embedded.tomcat.TomcatWebServer - Tomcat initialized with port(s): 8201 (http)
2023-06-24 10:13:27.125 [restartedMain] INFO  org.apache.coyote.http11.Http11NioProtocol - Initializing ProtocolHandler ["http-nio-8201"]
2023-06-24 10:13:27.126 [restartedMain] INFO  org.apache.catalina.core.StandardService - Starting service [Tomcat]
2023-06-24 10:13:27.127 [restartedMain] INFO  org.apache.catalina.core.StandardEngine - Starting Servlet engine: [Apache Tomcat/9.0.27]
2023-06-24 10:13:27.135 [restartedMain] INFO  org.apache.catalina.core.AprLifecycleListener - Loaded APR based Apache Tomcat Native library [1.2.33] using APR version [1.7.0].
2023-06-24 10:13:27.135 [restartedMain] INFO  org.apache.catalina.core.AprLifecycleListener - APR capabilities: IPv6 [true], sendfile [true], accept filters [false], random [true].
2023-06-24 10:13:27.135 [restartedMain] INFO  org.apache.catalina.core.AprLifecycleListener - APR/OpenSSL configuration: useAprConnector [false], useOpenSSL [true]
2023-06-24 10:13:27.163 [restartedMain] INFO  org.apache.catalina.core.AprLifecycleListener - OpenSSL successfully initialized [OpenSSL 1.1.1o  3 May 2022]
2023-06-24 10:13:27.413 [restartedMain] INFO  o.a.c.core.ContainerBase.[Tomcat].[localhost].[/] - Initializing Spring embedded WebApplicationContext
2023-06-24 10:13:27.413 [restartedMain] INFO  org.springframework.web.context.ContextLoader - Root WebApplicationContext: initialization completed in 2447 ms
2023-06-24 10:13:28.476 [restartedMain] INFO  s.d.s.w.PropertySourcedRequestMappingHandlerMapping - Mapped URL path [/v2/api-docs] onto method [springfox.documentation.swagger2.web.Swagger2Controller#getDocumentation(String, HttpServletRequest)]
2023-06-24 10:13:28.590 [restartedMain] INFO  o.s.scheduling.concurrent.ThreadPoolTaskExecutor - Initializing ExecutorService 'applicationTaskExecutor'
2023-06-24 10:13:28.633 [restartedMain] INFO  o.s.b.d.autoconfigure.OptionalLiveReloadServer - LiveReload server is running on port 35729
2023-06-24 10:13:29.171 [restartedMain] INFO  s.d.s.web.plugins.DocumentationPluginsBootstrapper - Context refreshed
2023-06-24 10:13:29.205 [restartedMain] INFO  s.d.s.web.plugins.DocumentationPluginsBootstrapper - Found 2 custom documentation plugin(s)
2023-06-24 10:13:29.238 [restartedMain] INFO  s.d.spring.web.scanners.ApiListingReferenceScanner - Scanning for api listing references
2023-06-24 10:13:29.461 [restartedMain] INFO  s.d.spring.web.scanners.ApiListingReferenceScanner - Scanning for api listing references
2023-06-24 10:13:29.476 [restartedMain] INFO  org.apache.coyote.http11.Http11NioProtocol - Starting ProtocolHandler ["http-nio-8201"]
2023-06-24 10:13:29.512 [restartedMain] INFO  o.s.boot.web.embedded.tomcat.TomcatWebServer - Tomcat started on port(s): 8201 (http) with context path ''
2023-06-24 10:13:29.516 [restartedMain] INFO  com.fengzhu.yygh.ServiceHospApplication - Started ServiceHospApplication in 5.392 seconds (JVM running for 6.782)
2023-06-24 10:14:19.879 [http-nio-8201-exec-1] INFO  o.a.c.core.ContainerBase.[Tomcat].[localhost].[/] - Initializing Spring DispatcherServlet 'dispatcherServlet'
2023-06-24 10:14:19.880 [http-nio-8201-exec-1] INFO  org.springframework.web.servlet.DispatcherServlet - Initializing Servlet 'dispatcherServlet'
2023-06-24 10:14:19.890 [http-nio-8201-exec-1] INFO  org.springframework.web.servlet.DispatcherServlet - Completed initialization in 10 ms
2023-06-24 10:14:20.106 [http-nio-8201-exec-1] INFO  com.zaxxer.hikari.HikariDataSource - HikariPool-1 - Starting...
2023-06-24 10:14:20.355 [http-nio-8201-exec-1] INFO  com.zaxxer.hikari.HikariDataSource - HikariPool-1 - Start completed.
2023-06-24 10:42:59.925 [SpringContextShutdownHook] INFO  o.s.scheduling.concurrent.ThreadPoolTaskExecutor - Shutting down ExecutorService 'applicationTaskExecutor'
2023-06-24 10:42:59.935 [SpringContextShutdownHook] INFO  com.zaxxer.hikari.HikariDataSource - HikariPool-1 - Shutdown initiated...
2023-06-24 10:42:59.942 [SpringContextShutdownHook] INFO  com.zaxxer.hikari.HikariDataSource - HikariPool-1 - Shutdown completed.
2023-06-24 10:43:06.260 [restartedMain] INFO  com.fengzhu.yygh.ServiceHospApplication - Starting ServiceHospApplication on DESKTOP-FBCBR5P with PID 37616 (D:\IDEA-Project\OPEN-PROJECT\reserve-num-parent\service\service-hosp\target\classes started by 刘冠成 in D:\IDEA-Project\OPEN-PROJECT\reserve-num-parent)
2023-06-24 10:43:06.263 [restartedMain] INFO  com.fengzhu.yygh.ServiceHospApplication - The following profiles are active: dev
2023-06-24 10:43:06.307 [restartedMain] INFO  o.s.boot.devtools.restart.ChangeableUrls - The Class-Path manifest attribute in D:\apache-maven-3.3.9\maven_work\org\glassfish\jaxb\jaxb-runtime\2.3.2\jaxb-runtime-2.3.2.jar referenced one or more files that do not exist: file:/D:/apache-maven-3.3.9/maven_work/org/glassfish/jaxb/jaxb-runtime/2.3.2/jakarta.xml.bind-api-2.3.2.jar,file:/D:/apache-maven-3.3.9/maven_work/org/glassfish/jaxb/jaxb-runtime/2.3.2/txw2-2.3.2.jar,file:/D:/apache-maven-3.3.9/maven_work/org/glassfish/jaxb/jaxb-runtime/2.3.2/istack-commons-runtime-3.0.8.jar,file:/D:/apache-maven-3.3.9/maven_work/org/glassfish/jaxb/jaxb-runtime/2.3.2/stax-ex-1.8.1.jar,file:/D:/apache-maven-3.3.9/maven_work/org/glassfish/jaxb/jaxb-runtime/2.3.2/FastInfoset-1.2.16.jar,file:/D:/apache-maven-3.3.9/maven_work/org/glassfish/jaxb/jaxb-runtime/2.3.2/jakarta.activation-api-1.2.1.jar
2023-06-24 10:43:06.307 [restartedMain] INFO  o.s.b.d.env.DevToolsPropertyDefaultsPostProcessor - Devtools property defaults active! Set 'spring.devtools.add-properties' to 'false' to disable
2023-06-24 10:43:06.307 [restartedMain] INFO  o.s.b.d.env.DevToolsPropertyDefaultsPostProcessor - For additional web related logging consider setting the 'logging.level.web' property to 'DEBUG'
2023-06-24 10:43:07.163 [restartedMain] INFO  o.s.d.r.config.RepositoryConfigurationDelegate - Multiple Spring Data modules found, entering strict repository configuration mode!
2023-06-24 10:43:07.165 [restartedMain] INFO  o.s.d.r.config.RepositoryConfigurationDelegate - Bootstrapping Spring Data repositories in DEFAULT mode.
2023-06-24 10:43:07.194 [restartedMain] INFO  o.s.d.r.config.RepositoryConfigurationDelegate - Finished Spring Data repository scanning in 11ms. Found 0 repository interfaces.
2023-06-24 10:43:07.479 [restartedMain] INFO  o.s.c.s.PostProcessorRegistrationDelegate$BeanPostProcessorChecker - Bean 'org.springframework.transaction.annotation.ProxyTransactionManagementConfiguration' of type [org.springframework.transaction.annotation.ProxyTransactionManagementConfiguration] is not eligible for getting processed by all BeanPostProcessors (for example: not eligible for auto-proxying)
2023-06-24 10:43:07.843 [restartedMain] INFO  o.s.boot.web.embedded.tomcat.TomcatWebServer - Tomcat initialized with port(s): 8201 (http)
2023-06-24 10:43:07.853 [restartedMain] INFO  org.apache.coyote.http11.Http11NioProtocol - Initializing ProtocolHandler ["http-nio-8201"]
2023-06-24 10:43:07.854 [restartedMain] INFO  org.apache.catalina.core.StandardService - Starting service [Tomcat]
2023-06-24 10:43:07.855 [restartedMain] INFO  org.apache.catalina.core.StandardEngine - Starting Servlet engine: [Apache Tomcat/9.0.27]
2023-06-24 10:43:07.859 [restartedMain] INFO  org.apache.catalina.core.AprLifecycleListener - Loaded APR based Apache Tomcat Native library [1.2.33] using APR version [1.7.0].
2023-06-24 10:43:07.859 [restartedMain] INFO  org.apache.catalina.core.AprLifecycleListener - APR capabilities: IPv6 [true], sendfile [true], accept filters [false], random [true].
2023-06-24 10:43:07.859 [restartedMain] INFO  org.apache.catalina.core.AprLifecycleListener - APR/OpenSSL configuration: useAprConnector [false], useOpenSSL [true]
2023-06-24 10:43:07.877 [restartedMain] INFO  org.apache.catalina.core.AprLifecycleListener - OpenSSL successfully initialized [OpenSSL 1.1.1o  3 May 2022]
2023-06-24 10:43:07.982 [restartedMain] INFO  o.a.c.core.ContainerBase.[Tomcat].[localhost].[/] - Initializing Spring embedded WebApplicationContext
2023-06-24 10:43:07.982 [restartedMain] INFO  org.springframework.web.context.ContextLoader - Root WebApplicationContext: initialization completed in 1675 ms
2023-06-24 10:43:08.840 [restartedMain] INFO  s.d.s.w.PropertySourcedRequestMappingHandlerMapping - Mapped URL path [/v2/api-docs] onto method [springfox.documentation.swagger2.web.Swagger2Controller#getDocumentation(String, HttpServletRequest)]
2023-06-24 10:43:08.936 [restartedMain] INFO  o.s.scheduling.concurrent.ThreadPoolTaskExecutor - Initializing ExecutorService 'applicationTaskExecutor'
2023-06-24 10:43:08.973 [restartedMain] INFO  o.s.b.d.autoconfigure.OptionalLiveReloadServer - LiveReload server is running on port 35729
2023-06-24 10:43:09.366 [restartedMain] INFO  s.d.s.web.plugins.DocumentationPluginsBootstrapper - Context refreshed
2023-06-24 10:43:09.383 [restartedMain] INFO  s.d.s.web.plugins.DocumentationPluginsBootstrapper - Found 2 custom documentation plugin(s)
2023-06-24 10:43:09.413 [restartedMain] INFO  s.d.spring.web.scanners.ApiListingReferenceScanner - Scanning for api listing references
2023-06-24 10:43:09.592 [restartedMain] INFO  s.d.spring.web.scanners.ApiListingReferenceScanner - Scanning for api listing references
2023-06-24 10:43:09.603 [restartedMain] INFO  org.apache.coyote.http11.Http11NioProtocol - Starting ProtocolHandler ["http-nio-8201"]
2023-06-24 10:43:09.621 [restartedMain] INFO  o.s.boot.web.embedded.tomcat.TomcatWebServer - Tomcat started on port(s): 8201 (http) with context path ''
2023-06-24 10:43:09.624 [restartedMain] INFO  com.fengzhu.yygh.ServiceHospApplication - Started ServiceHospApplication in 3.917 seconds (JVM running for 4.766)
2023-06-24 10:43:16.904 [http-nio-8201-exec-1] INFO  o.a.c.core.ContainerBase.[Tomcat].[localhost].[/] - Initializing Spring DispatcherServlet 'dispatcherServlet'
2023-06-24 10:43:16.905 [http-nio-8201-exec-1] INFO  org.springframework.web.servlet.DispatcherServlet - Initializing Servlet 'dispatcherServlet'
2023-06-24 10:43:16.913 [http-nio-8201-exec-1] INFO  org.springframework.web.servlet.DispatcherServlet - Completed initialization in 8 ms
2023-06-24 10:43:17.074 [http-nio-8201-exec-1] INFO  com.zaxxer.hikari.HikariDataSource - HikariPool-1 - Starting...
2023-06-24 10:43:17.261 [http-nio-8201-exec-1] INFO  com.zaxxer.hikari.HikariDataSource - HikariPool-1 - Start completed.
2023-06-24 10:44:22.504 [SpringContextShutdownHook] INFO  o.s.scheduling.concurrent.ThreadPoolTaskExecutor - Shutting down ExecutorService 'applicationTaskExecutor'
2023-06-24 10:44:22.507 [SpringContextShutdownHook] INFO  com.zaxxer.hikari.HikariDataSource - HikariPool-1 - Shutdown initiated...
2023-06-24 10:44:22.513 [SpringContextShutdownHook] INFO  com.zaxxer.hikari.HikariDataSource - HikariPool-1 - Shutdown completed.
2023-06-24 10:44:27.207 [restartedMain] INFO  com.fengzhu.yygh.ServiceHospApplication - Starting ServiceHospApplication on DESKTOP-FBCBR5P with PID 20104 (D:\IDEA-Project\OPEN-PROJECT\reserve-num-parent\service\service-hosp\target\classes started by 刘冠成 in D:\IDEA-Project\OPEN-PROJECT\reserve-num-parent)
2023-06-24 10:44:27.210 [restartedMain] INFO  com.fengzhu.yygh.ServiceHospApplication - The following profiles are active: dev
2023-06-24 10:44:27.255 [restartedMain] INFO  o.s.boot.devtools.restart.ChangeableUrls - The Class-Path manifest attribute in D:\apache-maven-3.3.9\maven_work\org\glassfish\jaxb\jaxb-runtime\2.3.2\jaxb-runtime-2.3.2.jar referenced one or more files that do not exist: file:/D:/apache-maven-3.3.9/maven_work/org/glassfish/jaxb/jaxb-runtime/2.3.2/jakarta.xml.bind-api-2.3.2.jar,file:/D:/apache-maven-3.3.9/maven_work/org/glassfish/jaxb/jaxb-runtime/2.3.2/txw2-2.3.2.jar,file:/D:/apache-maven-3.3.9/maven_work/org/glassfish/jaxb/jaxb-runtime/2.3.2/istack-commons-runtime-3.0.8.jar,file:/D:/apache-maven-3.3.9/maven_work/org/glassfish/jaxb/jaxb-runtime/2.3.2/stax-ex-1.8.1.jar,file:/D:/apache-maven-3.3.9/maven_work/org/glassfish/jaxb/jaxb-runtime/2.3.2/FastInfoset-1.2.16.jar,file:/D:/apache-maven-3.3.9/maven_work/org/glassfish/jaxb/jaxb-runtime/2.3.2/jakarta.activation-api-1.2.1.jar
2023-06-24 10:44:27.255 [restartedMain] INFO  o.s.b.d.env.DevToolsPropertyDefaultsPostProcessor - Devtools property defaults active! Set 'spring.devtools.add-properties' to 'false' to disable
2023-06-24 10:44:27.255 [restartedMain] INFO  o.s.b.d.env.DevToolsPropertyDefaultsPostProcessor - For additional web related logging consider setting the 'logging.level.web' property to 'DEBUG'
2023-06-24 10:44:28.154 [restartedMain] INFO  o.s.d.r.config.RepositoryConfigurationDelegate - Multiple Spring Data modules found, entering strict repository configuration mode!
2023-06-24 10:44:28.156 [restartedMain] INFO  o.s.d.r.config.RepositoryConfigurationDelegate - Bootstrapping Spring Data repositories in DEFAULT mode.
2023-06-24 10:44:28.189 [restartedMain] INFO  o.s.d.r.config.RepositoryConfigurationDelegate - Finished Spring Data repository scanning in 13ms. Found 0 repository interfaces.
2023-06-24 10:44:28.494 [restartedMain] INFO  o.s.c.s.PostProcessorRegistrationDelegate$BeanPostProcessorChecker - Bean 'org.springframework.transaction.annotation.ProxyTransactionManagementConfiguration' of type [org.springframework.transaction.annotation.ProxyTransactionManagementConfiguration] is not eligible for getting processed by all BeanPostProcessors (for example: not eligible for auto-proxying)
2023-06-24 10:44:28.770 [restartedMain] INFO  o.s.boot.web.embedded.tomcat.TomcatWebServer - Tomcat initialized with port(s): 8201 (http)
2023-06-24 10:44:28.820 [restartedMain] INFO  org.apache.coyote.http11.Http11NioProtocol - Initializing ProtocolHandler ["http-nio-8201"]
2023-06-24 10:44:28.822 [restartedMain] INFO  org.apache.catalina.core.StandardService - Starting service [Tomcat]
2023-06-24 10:44:28.823 [restartedMain] INFO  org.apache.catalina.core.StandardEngine - Starting Servlet engine: [Apache Tomcat/9.0.27]
2023-06-24 10:44:28.828 [restartedMain] INFO  org.apache.catalina.core.AprLifecycleListener - Loaded APR based Apache Tomcat Native library [1.2.33] using APR version [1.7.0].
2023-06-24 10:44:28.828 [restartedMain] INFO  org.apache.catalina.core.AprLifecycleListener - APR capabilities: IPv6 [true], sendfile [true], accept filters [false], random [true].
2023-06-24 10:44:28.828 [restartedMain] INFO  org.apache.catalina.core.AprLifecycleListener - APR/OpenSSL configuration: useAprConnector [false], useOpenSSL [true]
2023-06-24 10:44:28.831 [restartedMain] INFO  org.apache.catalina.core.AprLifecycleListener - OpenSSL successfully initialized [OpenSSL 1.1.1o  3 May 2022]
2023-06-24 10:44:28.934 [restartedMain] INFO  o.a.c.core.ContainerBase.[Tomcat].[localhost].[/] - Initializing Spring embedded WebApplicationContext
2023-06-24 10:44:28.934 [restartedMain] INFO  org.springframework.web.context.ContextLoader - Root WebApplicationContext: initialization completed in 1678 ms
2023-06-24 10:44:29.745 [restartedMain] INFO  s.d.s.w.PropertySourcedRequestMappingHandlerMapping - Mapped URL path [/v2/api-docs] onto method [springfox.documentation.swagger2.web.Swagger2Controller#getDocumentation(String, HttpServletRequest)]
2023-06-24 10:44:29.850 [restartedMain] INFO  o.s.scheduling.concurrent.ThreadPoolTaskExecutor - Initializing ExecutorService 'applicationTaskExecutor'
2023-06-24 10:44:29.885 [restartedMain] INFO  o.s.b.d.autoconfigure.OptionalLiveReloadServer - LiveReload server is running on port 35729
2023-06-24 10:44:30.273 [restartedMain] INFO  s.d.s.web.plugins.DocumentationPluginsBootstrapper - Context refreshed
2023-06-24 10:44:30.285 [restartedMain] INFO  s.d.s.web.plugins.DocumentationPluginsBootstrapper - Found 2 custom documentation plugin(s)
2023-06-24 10:44:30.311 [restartedMain] INFO  s.d.spring.web.scanners.ApiListingReferenceScanner - Scanning for api listing references
2023-06-24 10:44:30.473 [restartedMain] INFO  s.d.spring.web.scanners.ApiListingReferenceScanner - Scanning for api listing references
2023-06-24 10:44:30.485 [restartedMain] INFO  org.apache.coyote.http11.Http11NioProtocol - Starting ProtocolHandler ["http-nio-8201"]
2023-06-24 10:44:30.503 [restartedMain] INFO  o.s.boot.web.embedded.tomcat.TomcatWebServer - Tomcat started on port(s): 8201 (http) with context path ''
2023-06-24 10:44:30.506 [restartedMain] INFO  com.fengzhu.yygh.ServiceHospApplication - Started ServiceHospApplication in 3.873 seconds (JVM running for 4.694)
2023-06-24 10:44:33.881 [http-nio-8201-exec-1] INFO  o.a.c.core.ContainerBase.[Tomcat].[localhost].[/] - Initializing Spring DispatcherServlet 'dispatcherServlet'
2023-06-24 10:44:33.882 [http-nio-8201-exec-1] INFO  org.springframework.web.servlet.DispatcherServlet - Initializing Servlet 'dispatcherServlet'
2023-06-24 10:44:33.888 [http-nio-8201-exec-1] INFO  org.springframework.web.servlet.DispatcherServlet - Completed initialization in 6 ms
2023-06-24 10:44:34.030 [http-nio-8201-exec-1] INFO  com.zaxxer.hikari.HikariDataSource - HikariPool-1 - Starting...
2023-06-24 10:44:34.225 [http-nio-8201-exec-1] INFO  com.zaxxer.hikari.HikariDataSource - HikariPool-1 - Start completed.
2023-06-24 16:46:00.184 [SpringContextShutdownHook] INFO  o.s.scheduling.concurrent.ThreadPoolTaskExecutor - Shutting down ExecutorService 'applicationTaskExecutor'
2023-06-24 16:46:00.193 [SpringContextShutdownHook] INFO  com.zaxxer.hikari.HikariDataSource - HikariPool-1 - Shutdown initiated...
2023-06-24 16:46:00.200 [SpringContextShutdownHook] INFO  com.zaxxer.hikari.HikariDataSource - HikariPool-1 - Shutdown completed.
2023-06-24 16:46:11.400 [restartedMain] INFO  com.fengzhu.yygh.ServiceHospApplication - Starting ServiceHospApplication on DESKTOP-FBCBR5P with PID 7828 (D:\IDEA-Project\OPEN-PROJECT\reserve-num-parent\service\service-hosp\target\classes started by 刘冠成 in D:\IDEA-Project\OPEN-PROJECT\reserve-num-parent)
2023-06-24 16:46:11.403 [restartedMain] INFO  com.fengzhu.yygh.ServiceHospApplication - The following profiles are active: dev
2023-06-24 16:46:11.454 [restartedMain] INFO  o.s.boot.devtools.restart.ChangeableUrls - The Class-Path manifest attribute in D:\apache-maven-3.3.9\maven_work\org\glassfish\jaxb\jaxb-runtime\2.3.2\jaxb-runtime-2.3.2.jar referenced one or more files that do not exist: file:/D:/apache-maven-3.3.9/maven_work/org/glassfish/jaxb/jaxb-runtime/2.3.2/jakarta.xml.bind-api-2.3.2.jar,file:/D:/apache-maven-3.3.9/maven_work/org/glassfish/jaxb/jaxb-runtime/2.3.2/txw2-2.3.2.jar,file:/D:/apache-maven-3.3.9/maven_work/org/glassfish/jaxb/jaxb-runtime/2.3.2/istack-commons-runtime-3.0.8.jar,file:/D:/apache-maven-3.3.9/maven_work/org/glassfish/jaxb/jaxb-runtime/2.3.2/stax-ex-1.8.1.jar,file:/D:/apache-maven-3.3.9/maven_work/org/glassfish/jaxb/jaxb-runtime/2.3.2/FastInfoset-1.2.16.jar,file:/D:/apache-maven-3.3.9/maven_work/org/glassfish/jaxb/jaxb-runtime/2.3.2/jakarta.activation-api-1.2.1.jar
2023-06-24 16:46:11.454 [restartedMain] INFO  o.s.b.d.env.DevToolsPropertyDefaultsPostProcessor - Devtools property defaults active! Set 'spring.devtools.add-properties' to 'false' to disable
2023-06-24 16:46:11.454 [restartedMain] INFO  o.s.b.d.env.DevToolsPropertyDefaultsPostProcessor - For additional web related logging consider setting the 'logging.level.web' property to 'DEBUG'
2023-06-24 16:46:12.535 [restartedMain] INFO  o.s.d.r.config.RepositoryConfigurationDelegate - Multiple Spring Data modules found, entering strict repository configuration mode!
2023-06-24 16:46:12.538 [restartedMain] INFO  o.s.d.r.config.RepositoryConfigurationDelegate - Bootstrapping Spring Data repositories in DEFAULT mode.
2023-06-24 16:46:12.578 [restartedMain] INFO  o.s.d.r.config.RepositoryConfigurationDelegate - Finished Spring Data repository scanning in 13ms. Found 0 repository interfaces.
2023-06-24 16:46:13.041 [restartedMain] INFO  o.s.c.s.PostProcessorRegistrationDelegate$BeanPostProcessorChecker - Bean 'org.springframework.transaction.annotation.ProxyTransactionManagementConfiguration' of type [org.springframework.transaction.annotation.ProxyTransactionManagementConfiguration] is not eligible for getting processed by all BeanPostProcessors (for example: not eligible for auto-proxying)
2023-06-24 16:46:13.486 [restartedMain] INFO  o.s.boot.web.embedded.tomcat.TomcatWebServer - Tomcat initialized with port(s): 8201 (http)
2023-06-24 16:46:13.533 [restartedMain] INFO  org.apache.coyote.http11.Http11NioProtocol - Initializing ProtocolHandler ["http-nio-8201"]
2023-06-24 16:46:13.534 [restartedMain] INFO  org.apache.catalina.core.StandardService - Starting service [Tomcat]
2023-06-24 16:46:13.534 [restartedMain] INFO  org.apache.catalina.core.StandardEngine - Starting Servlet engine: [Apache Tomcat/9.0.27]
2023-06-24 16:46:13.539 [restartedMain] INFO  org.apache.catalina.core.AprLifecycleListener - Loaded APR based Apache Tomcat Native library [1.2.33] using APR version [1.7.0].
2023-06-24 16:46:13.539 [restartedMain] INFO  org.apache.catalina.core.AprLifecycleListener - APR capabilities: IPv6 [true], sendfile [true], accept filters [false], random [true].
2023-06-24 16:46:13.539 [restartedMain] INFO  org.apache.catalina.core.AprLifecycleListener - APR/OpenSSL configuration: useAprConnector [false], useOpenSSL [true]
2023-06-24 16:46:13.556 [restartedMain] INFO  org.apache.catalina.core.AprLifecycleListener - OpenSSL successfully initialized [OpenSSL 1.1.1o  3 May 2022]
2023-06-24 16:46:13.670 [restartedMain] INFO  o.a.c.core.ContainerBase.[Tomcat].[localhost].[/] - Initializing Spring embedded WebApplicationContext
2023-06-24 16:46:13.670 [restartedMain] INFO  org.springframework.web.context.ContextLoader - Root WebApplicationContext: initialization completed in 2216 ms
2023-06-24 16:46:14.546 [restartedMain] INFO  s.d.s.w.PropertySourcedRequestMappingHandlerMapping - Mapped URL path [/v2/api-docs] onto method [springfox.documentation.swagger2.web.Swagger2Controller#getDocumentation(String, HttpServletRequest)]
2023-06-24 16:46:14.654 [restartedMain] INFO  o.s.scheduling.concurrent.ThreadPoolTaskExecutor - Initializing ExecutorService 'applicationTaskExecutor'
2023-06-24 16:46:14.698 [restartedMain] INFO  o.s.b.d.autoconfigure.OptionalLiveReloadServer - LiveReload server is running on port 35729
2023-06-24 16:46:15.161 [restartedMain] INFO  s.d.s.web.plugins.DocumentationPluginsBootstrapper - Context refreshed
2023-06-24 16:46:15.178 [restartedMain] INFO  s.d.s.web.plugins.DocumentationPluginsBootstrapper - Found 2 custom documentation plugin(s)
2023-06-24 16:46:15.208 [restartedMain] INFO  s.d.spring.web.scanners.ApiListingReferenceScanner - Scanning for api listing references
2023-06-24 16:46:15.369 [restartedMain] INFO  s.d.spring.web.scanners.ApiListingReferenceScanner - Scanning for api listing references
2023-06-24 16:46:15.380 [restartedMain] INFO  org.apache.coyote.http11.Http11NioProtocol - Starting ProtocolHandler ["http-nio-8201"]
2023-06-24 16:46:15.399 [restartedMain] INFO  o.s.boot.web.embedded.tomcat.TomcatWebServer - Tomcat started on port(s): 8201 (http) with context path ''
2023-06-24 16:46:15.402 [restartedMain] INFO  com.fengzhu.yygh.ServiceHospApplication - Started ServiceHospApplication in 4.689 seconds (JVM running for 5.662)
2023-06-24 16:46:33.485 [http-nio-8201-exec-1] INFO  o.a.c.core.ContainerBase.[Tomcat].[localhost].[/] - Initializing Spring DispatcherServlet 'dispatcherServlet'
2023-06-24 16:46:33.485 [http-nio-8201-exec-1] INFO  org.springframework.web.servlet.DispatcherServlet - Initializing Servlet 'dispatcherServlet'
2023-06-24 16:46:33.492 [http-nio-8201-exec-1] INFO  org.springframework.web.servlet.DispatcherServlet - Completed initialization in 7 ms
2023-06-24 16:46:33.566 [http-nio-8201-exec-1] INFO  com.zaxxer.hikari.HikariDataSource - HikariPool-1 - Starting...
2023-06-24 16:46:33.738 [http-nio-8201-exec-1] INFO  com.zaxxer.hikari.HikariDataSource - HikariPool-1 - Start completed.
